<?xml version="1.0"?>
<!--Phoronix Test Suite v8.6.0m1-->
<PhoronixTestSuite>
  <TestInformation>
    <Title>dav1d</Title>
    <AppVersion>0.2</AppVersion>
    <Description>Dav1d is an open-source, speedy AV1 video decoder. This test profile times how long it takes to decode some sample AV1 video content.</Description>
    <ResultScale>Seconds</ResultScale>
    <Proportion>LIB</Proportion>
    <TimesToRun>3</TimesToRun>
  </TestInformation>
  <TestProfile>
    <Version>2.0.0</Version>
    <SupportedPlatforms>Linux, BSD</SupportedPlatforms>
    <SoftwareType>Utility</SoftwareType>
    <TestType>Processor</TestType>
    <License>Free</License>
    <Status>Verified</Status>
    <ExternalDependencies>build-utilities, yasm, meson</ExternalDependencies>
    <EnvironmentSize>1700</EnvironmentSize>
    <ProjectURL>http://code.videolan.org/videolan/dav1d</ProjectURL>
    <Maintainer>Michael Larabel</Maintainer>
  </TestProfile>
  <TestSettings>
    <Default>
      <Arguments> </Arguments>
    </Default>
    <Option>
      <DisplayName>Video Input</DisplayName>
      <Identifier>video</Identifier>
      <ArgumentPrefix>-i </ArgumentPrefix>
      <Menu>
        <Entry>
          <Name>Summer Nature 1080p</Name>
          <Value>summer_nature_1080p.ivf</Value>
        </Entry>
        <Entry>
          <Name>Summer Nature 4K</Name>
          <Value>summer_nature_4k.ivf</Value>
        </Entry>
                <Entry>
          <Name>Chimera 1080p 8-bit</Name>
          <Value>chimera_8b_1080p.ivf</Value>
        </Entry>
        <Entry>
          <Name>Chimera 1080p 10-bit</Name>
          <Value>chimera_10b_1080p.ivf</Value>
        </Entry>
      </Menu>
    </Option>
  </TestSettings>
</PhoronixTestSuite>
